#
# There is insufficient memory for the Java Runtime Environment to continue.
# Native memory allocation (mmap) failed to map 268435456 bytes for G1 virtual space
# Possible reasons:
#   The system is out of physical RAM or swap space
#   The process is running with CompressedOops enabled, and the Java Heap may be blocking the growth of the native heap
# Possible solutions:
#   Reduce memory load on the system
#   Increase physical memory or swap space
#   Check if swap backing store is full
#   Decrease Java heap size (-Xmx/-Xms)
#   Decrease number of Java threads
#   Decrease Java thread stack sizes (-Xss)
#   Set larger code cache with -XX:ReservedCodeCacheSize=
#   JVM is running with Zero Based Compressed Oops mode in which the Java heap is
#     placed in the first 32GB address space. The Java Heap base address is the
#     maximum limit for the native heap growth. Please use -XX:HeapBaseMinAddress
#     to set the Java Heap base and to place the Java Heap above 32GB virtual address.
# This output file may be truncated or incomplete.
#
#  Out of Memory Error (os_windows.cpp:3613), pid=29464, tid=29084
#
# JRE version:  (17.0.10+7) (build )
# Java VM: OpenJDK 64-Bit Server VM (17.0.10+7, mixed mode, sharing, tiered, compressed oops, compressed class ptrs, g1 gc, windows-amd64)
# No core dump will be written. Minidumps are not enabled by default on client versions of Windows
#

---------------  S U M M A R Y ------------

Command Line: -Dfile.encoding=UTF-8 -Dstdout.encoding=UTF-8 -Dstderr.encoding=UTF-8 --module-path=F:\Nology Course\Projects\minesweeper\JavaMinesweeper\minesweeper\bin -XX:+ShowCodeDetailsInExceptionMessages -Djdk.module.main=minesweeper minesweeper/minesweeper.App

Host: Intel(R) Core(TM) i7-7700K CPU @ 4.20GHz, 8 cores, 15G,  Windows 10 , 64 bit Build 19041 (10.0.19041.3636)
Time: Wed Feb 14 22:14:22 2024 AUS Eastern Summer Time elapsed time: 0.008923 seconds (0d 0h 0m 0s)

---------------  T H R E A D  ---------------

Current thread (0x000001ad7a34ef00):  JavaThread "Unknown thread" [_thread_in_vm, id=29084, stack(0x000000aa86300000,0x000000aa86400000)]

Stack: [0x000000aa86300000,0x000000aa86400000]
Native frames: (J=compiled Java code, j=interpreted, Vv=VM code, C=native code)
V  [jvm.dll+0x67d2c9]
V  [jvm.dll+0x834afa]
V  [jvm.dll+0x8365be]
V  [jvm.dll+0x836c23]
V  [jvm.dll+0x2477ff]
V  [jvm.dll+0x67a109]
V  [jvm.dll+0x66eb7a]
V  [jvm.dll+0x30764b]
V  [jvm.dll+0x30eaf6]
V  [jvm.dll+0x35e83e]
V  [jvm.dll+0x35ea6f]
V  [jvm.dll+0x2de248]
V  [jvm.dll+0x2df1b4]
V  [jvm.dll+0x806361]
V  [jvm.dll+0x36c6f1]
V  [jvm.dll+0x7e4e06]
V  [jvm.dll+0x3eff3f]
V  [jvm.dll+0x3f1b71]
C  [jli.dll+0x528f]
C  [ucrtbase.dll+0x21bb2]
C  [KERNEL32.DLL+0x17344]
C  [ntdll.dll+0x526b1]


---------------  P R O C E S S  ---------------

Threads class SMR info:
_java_thread_list=0x00007ffa5240ee98, length=0, elements={
}

Java Threads: ( => current thread )

Other Threads:
  0x000001ad7a3b8d70 GCTaskThread "GC Thread#0" [stack: 0x000000aa86400000,0x000000aa86500000] [id=29476]
  0x000001ad7a3c9b00 ConcurrentGCThread "G1 Main Marker" [stack: 0x000000aa86500000,0x000000aa86600000] [id=29552]
  0x000001ad7a3cacc0 ConcurrentGCThread "G1 Conc#0" [stack: 0x000000aa86600000,0x000000aa86700000] [id=29556]

[error occurred during error reporting (printing all threads), id 0xc0000005, EXCEPTION_ACCESS_VIOLATION (0xc0000005) at pc=0x00007ffa51bcec87]

VM state: not at safepoint (not fully initialized)

VM Mutex/Monitor currently owned by a thread:  ([mutex/lock_event])
[0x000001ad7a348740] Heap_lock - owner thread: 0x000001ad7a34ef00

Heap address: 0x0000000701c00000, size: 4068 MB, Compressed Oops mode: Zero based, Oop shift amount: 3

CDS archive(s) mapped at: [0x0000000000000000-0x0000000000000000-0x0000000000000000), size 0, SharedBaseAddress: 0x0000000800000000, ArchiveRelocationMode: 1.
Narrow klass base: 0x0000000000000000, Narrow klass shift: 0, Narrow klass range: 0x0

GC Precious Log:
<Empty>

Heap:
 garbage-first heap   total 0K, used 0K [0x0000000701c00000, 0x0000000800000000)
  region size 2048K, 0 young (0K), 0 survivors (0K)

[error occurred during error reporting (printing heap information), id 0xc0000005, EXCEPTION_ACCESS_VIOLATION (0xc0000005) at pc=0x00007ffa51fb6fb9]

GC Heap History (0 events):
No events

Dll operation events (1 events):
Event: 0.005 Loaded shared library C:\Users\Seer\.p2\pool\plugins\org.eclipse.justj.openjdk.hotspot.jre.full.win32.x86_64_17.0.10.v20240120-1143\jre\bin\java.dll

Deoptimization events (0 events):
No events

Classes unloaded (0 events):
No events

Classes redefined (0 events):
No events

Internal exceptions (0 events):
No events

VM Operations (0 events):
No events

Events (0 events):
No events


Dynamic libraries:
0x00007ff799280000 - 0x00007ff79928e000 	C:\Users\Seer\.p2\pool\plugins\org.eclipse.justj.openjdk.hotspot.jre.full.win32.x86_64_17.0.10.v20240120-1143\jre\bin\javaw.exe
0x00007ffacd6b0000 - 0x00007ffacd8a8000 	C:\WINDOWS\SYSTEM32\ntdll.dll
0x00007ffacc180000 - 0x00007ffacc23d000 	C:\WINDOWS\System32\KERNEL32.DLL
0x00007ffacb3d0000 - 0x00007ffacb6c6000 	C:\WINDOWS\System32\KERNELBASE.dll
0x00007ffacb220000 - 0x00007ffacb320000 	C:\WINDOWS\System32\ucrtbase.dll
0x00007ffac41b0000 - 0x00007ffac41c7000 	C:\Users\Seer\.p2\pool\plugins\org.eclipse.justj.openjdk.hotspot.jre.full.win32.x86_64_17.0.10.v20240120-1143\jre\bin\jli.dll
0x00007ffac46e0000 - 0x00007ffac46fb000 	C:\Users\Seer\.p2\pool\plugins\org.eclipse.justj.openjdk.hotspot.jre.full.win32.x86_64_17.0.10.v20240120-1143\jre\bin\VCRUNTIME140.dll
0x00007ffacbfe0000 - 0x00007ffacc17e000 	C:\WINDOWS\System32\USER32.dll
0x00007ffabe8c0000 - 0x00007ffabeb5a000 	C:\WINDOWS\WinSxS\amd64_microsoft.windows.common-controls_6595b64144ccf1df_6.0.19041.3636_none_60b6a03d71f818d5\COMCTL32.dll
0x00007ffacb6d0000 - 0x00007ffacb6f2000 	C:\WINDOWS\System32\win32u.dll
0x00007ffacc240000 - 0x00007ffacc26c000 	C:\WINDOWS\System32\GDI32.dll
0x00007ffacbda0000 - 0x00007ffacbe3e000 	C:\WINDOWS\System32\msvcrt.dll
0x00007ffacb100000 - 0x00007ffacb21a000 	C:\WINDOWS\System32\gdi32full.dll
0x00007ffacadf0000 - 0x00007ffacae8d000 	C:\WINDOWS\System32\msvcp_win.dll
0x00007ffacd560000 - 0x00007ffacd590000 	C:\WINDOWS\System32\IMM32.DLL
0x00007ffac58e0000 - 0x00007ffac58ec000 	C:\Users\Seer\.p2\pool\plugins\org.eclipse.justj.openjdk.hotspot.jre.full.win32.x86_64_17.0.10.v20240120-1143\jre\bin\vcruntime140_1.dll
0x00007ffaa0710000 - 0x00007ffaa079d000 	C:\Users\Seer\.p2\pool\plugins\org.eclipse.justj.openjdk.hotspot.jre.full.win32.x86_64_17.0.10.v20240120-1143\jre\bin\msvcp140.dll
0x00007ffa518e0000 - 0x00007ffa52542000 	C:\Users\Seer\.p2\pool\plugins\org.eclipse.justj.openjdk.hotspot.jre.full.win32.x86_64_17.0.10.v20240120-1143\jre\bin\server\jvm.dll
0x00007ffacb8b0000 - 0x00007ffacb963000 	C:\WINDOWS\System32\ADVAPI32.dll
0x00007ffacb810000 - 0x00007ffacb8af000 	C:\WINDOWS\System32\sechost.dll
0x00007ffacbc70000 - 0x00007ffacbd96000 	C:\WINDOWS\System32\RPCRT4.dll
0x00007ffacaf70000 - 0x00007ffacaf97000 	C:\WINDOWS\System32\bcrypt.dll
0x00007ffaca310000 - 0x00007ffaca35b000 	C:\WINDOWS\SYSTEM32\POWRPROF.dll
0x00007ffac63f0000 - 0x00007ffac63f9000 	C:\WINDOWS\SYSTEM32\WSOCK32.dll
0x00007ffab8e70000 - 0x00007ffab8e97000 	C:\WINDOWS\SYSTEM32\WINMM.dll
0x00007ffacbf70000 - 0x00007ffacbfdb000 	C:\WINDOWS\System32\WS2_32.dll
0x00007ffac61e0000 - 0x00007ffac61ea000 	C:\WINDOWS\SYSTEM32\VERSION.dll
0x00007ffaca190000 - 0x00007ffaca1a2000 	C:\WINDOWS\SYSTEM32\UMPDC.dll
0x00007ffac8c50000 - 0x00007ffac8c62000 	C:\WINDOWS\SYSTEM32\kernel.appcore.dll
0x00007ffac7c20000 - 0x00007ffac7c2a000 	C:\Users\Seer\.p2\pool\plugins\org.eclipse.justj.openjdk.hotspot.jre.full.win32.x86_64_17.0.10.v20240120-1143\jre\bin\jimage.dll
0x00007ffab7760000 - 0x00007ffab7944000 	C:\WINDOWS\SYSTEM32\DBGHELP.DLL
0x00007ffaba0c0000 - 0x00007ffaba0f4000 	C:\WINDOWS\SYSTEM32\dbgcore.DLL
0x00007ffacaee0000 - 0x00007ffacaf62000 	C:\WINDOWS\System32\bcryptPrimitives.dll
0x00007ffac77c0000 - 0x00007ffac77e5000 	C:\Users\Seer\.p2\pool\plugins\org.eclipse.justj.openjdk.hotspot.jre.full.win32.x86_64_17.0.10.v20240120-1143\jre\bin\java.dll

dbghelp: loaded successfully - version: 4.0.5 - missing functions: none
symbol engine: initialized successfully - sym options: 0x614 - pdb path: .;C:\Users\Seer\.p2\pool\plugins\org.eclipse.justj.openjdk.hotspot.jre.full.win32.x86_64_17.0.10.v20240120-1143\jre\bin;C:\WINDOWS\SYSTEM32;C:\WINDOWS\WinSxS\amd64_microsoft.windows.common-controls_6595b64144ccf1df_6.0.19041.3636_none_60b6a03d71f818d5;C:\Users\Seer\.p2\pool\plugins\org.eclipse.justj.openjdk.hotspot.jre.full.win32.x86_64_17.0.10.v20240120-1143\jre\bin\server

VM Arguments:
jvm_args: -Dfile.encoding=UTF-8 -Dstdout.encoding=UTF-8 -Dstderr.encoding=UTF-8 --module-path=F:\Nology Course\Projects\minesweeper\JavaMinesweeper\minesweeper\bin -XX:+ShowCodeDetailsInExceptionMessages -Djdk.module.main=minesweeper 
java_command: minesweeper/minesweeper.App
java_class_path (initial): <not set>
Launcher Type: SUN_STANDARD

[Global flags]
     intx CICompilerCount                          = 4                                         {product} {ergonomic}
     uint ConcGCThreads                            = 2                                         {product} {ergonomic}
     uint G1ConcRefinementThreads                  = 8                                         {product} {ergonomic}
   size_t G1HeapRegionSize                         = 2097152                                   {product} {ergonomic}
    uintx GCDrainStackTargetSize                   = 64                                        {product} {ergonomic}
   size_t InitialHeapSize                          = 268435456                                 {product} {ergonomic}
   size_t MarkStackSize                            = 4194304                                   {product} {ergonomic}
   size_t MaxHeapSize                              = 4265607168                                {product} {ergonomic}
   size_t MinHeapDeltaBytes                        = 2097152                                   {product} {ergonomic}
   size_t MinHeapSize                              = 8388608                                   {product} {ergonomic}
    uintx NonNMethodCodeHeapSize                   = 5839372                                {pd product} {ergonomic}
    uintx NonProfiledCodeHeapSize                  = 122909434                              {pd product} {ergonomic}
    uintx ProfiledCodeHeapSize                     = 122909434                              {pd product} {ergonomic}
    uintx ReservedCodeCacheSize                    = 251658240                              {pd product} {ergonomic}
     bool SegmentedCodeCache                       = true                                      {product} {ergonomic}
     bool ShowCodeDetailsInExceptionMessages       = true                                   {manageable} {command line}
   size_t SoftMaxHeapSize                          = 4265607168                             {manageable} {ergonomic}
     bool UseCompressedClassPointers               = true                           {product lp64_product} {ergonomic}
     bool UseCompressedOops                        = true                           {product lp64_product} {ergonomic}
     bool UseG1GC                                  = true                                      {product} {ergonomic}
     bool UseLargePagesIndividualAllocation        = false                                  {pd product} {ergonomic}

Logging:
Log output configuration:
 #0: stdout all=warning uptime,level,tags
 #1: stderr all=off uptime,level,tags

Environment Variables:
PATH=C:/Users/Seer/.p2/pool/plugins/org.eclipse.justj.openjdk.hotspot.jre.full.win32.x86_64_17.0.10.v20240120-1143/jre/bin/server;C:/Users/Seer/.p2/pool/plugins/org.eclipse.justj.openjdk.hotspot.jre.full.win32.x86_64_17.0.10.v20240120-1143/jre/bin;C:\Python312\Scripts\;C:\Python312\;C:\Python311\Scripts\;C:\Python311\;C:\Program Files (x86)\Common Files\Oracle\Java\javapath;C:\Program Files\Oculus\Support\oculus-runtime;C:\Program Files (x86)\Intel\iCLS Client\;C:\Program Files\Intel\iCLS Client\;C:\WINDOWS\system32;C:\WINDOWS;C:\WINDOWS\System32\Wbem;C:\WINDOWS\System32\WindowsPowerShell\v1.0\;C:\Program Files (x86)\Intel\Intel(R) Management Engine Components\DAL;C:\Program Files\Intel\Intel(R) Management Engine Components\DAL;C:\Program Files (x86)\Intel\Intel(R) Management Engine Components\IPT;C:\Program Files\Intel\Intel(R) Management Engine Components\IPT;C:\Program Files (x86)\NVIDIA Corporation\PhysX\Common;C:\WINDOWS\System32\OpenSSH\;C:\WINDOWS\system32;C:\WINDOWS;C:\WINDOWS\System32\Wbem;C:\WINDOWS\System32\WindowsPowerShell\v1.0\;C:\WINDOWS\System32\OpenSSH\;C:\Program Files\Git\cmd;C:\PHP;C:\ProgramData\ComposerSetup\bin;F:\HashiCorp\Vagrant\bin;C:\Program Files\dotnet\;C:\ProgramData\chocolatey\bin;C:\Program Files\nodejs\;C:\Program Files\MySQL\MySQL Shell 8.0\bin\;F:\Scripts\;F:\;C:\Users\Seer\AppData\Local\Microsoft\WindowsApps;F:\Microsoft VS Code\bin;C:\Users\Seer\AppData\Local\GitHubDesktop\bin;C:\Users\Seer\AppData\Roaming\Composer\vendor\bin;C:\Users\Seer\AppData\Roaming\npm;C:\Users\Seer\Desktop;
USERNAME=Seer
OS=Windows_NT
PROCESSOR_IDENTIFIER=Intel64 Family 6 Model 158 Stepping 9, GenuineIntel
TMP=C:\Users\Seer\AppData\Local\Temp
TEMP=C:\Users\Seer\AppData\Local\Temp



Periodic native trim disabled


---------------  S Y S T E M  ---------------

OS:
 Windows 10 , 64 bit Build 19041 (10.0.19041.3636)
OS uptime: 1 days 11:08 hours

CPU: total 8 (initial active 8) (4 cores per cpu, 2 threads per core) family 6 model 158 stepping 9 microcode 0xb4, cx8, cmov, fxsr, ht, mmx, 3dnowpref, sse, sse2, sse3, ssse3, sse4.1, sse4.2, popcnt, lzcnt, tsc, tscinvbit, avx, avx2, aes, erms, clmul, bmi1, bmi2, rtm, adx, fma, vzeroupper, clflush, clflushopt
Processor Information for all 8 processors :
  Max Mhz: 4200, Current Mhz: 4200, Mhz Limit: 4200

Memory: 4k page, system-wide physical 16269M (4594M free)
TotalPageFile size 44652M (AvailPageFile size 150M)
current process WorkingSet (physical memory assigned to process): 10M, peak: 10M
current process commit charge ("private bytes"): 60M, peak: 316M

vm_info: OpenJDK 64-Bit Server VM (17.0.10+7) for windows-amd64 JRE (17.0.10+7), built on Jan 16 2024 23:25:11 by "admin" with MS VC++ 16.10 / 16.11 (VS2019)

END.
